<?xml version="1.0" encoding="UTF-8"?>
<!-- Generated by org.testng.reporters.JUnitXMLReporter -->
<testsuite ignored="0" hostname="Lenovo" failures="1" tests="4" name="Login with InValid" time="25.221" errors="0" timestamp="2025-05-05T18:36:30 IST">
  <testcase classname="YaantracWeb.Tests.errorValidation" name="LoginInValidUserName" time="3.677"/>
  <testcase classname="YaantracWeb.Tests.errorValidation" name="LoginInValidUserName" time="3.994"/>
  <testcase classname="YaantracWeb.Tests.errorValidation" name="loginInvalid" time="3.765">
    <skipped/>
  </testcase> <!-- loginInvalid -->
  <testcase classname="YaantracWeb.Tests.errorValidation" name="loginInvalid" time="3.997">
    <failure type="java.lang.AssertionError" message="expected [Invalid Username or Password] but found [Inv@@alid Username or Password]">
      <![CDATA[java.lang.AssertionError: expected [Invalid Username or Password] but found [Inv@@alid Username or Password]
at YaantracWeb.Tests.errorValidation.loginInvalid(errorValidation.java:44)
at java.base/java.util.ArrayList.forEach(ArrayList.java:1596)
at java.base/java.util.concurrent.FutureTask.run(FutureTask.java:317)
at java.base/java.util.concurrent.ThreadPoolExecutor.runWorker(ThreadPoolExecutor.java:1144)
at java.base/java.util.concurrent.ThreadPoolExecutor$Worker.run(ThreadPoolExecutor.java:642)
at java.base/java.lang.Thread.run(Thread.java:1583)
... Removed 21 stack frames]]>
    </failure>
  </testcase> <!-- loginInvalid -->
</testsuite> <!-- Login with InValid -->
